<?xml version="1.0" encoding="UTF-8"?>
<testsuite name="memory.MemoryFinderTest" tests="1" skipped="0" failures="0" errors="0" timestamp="2023-06-19T05:51:43" hostname="jeongsang-yun-ui-MacBookAir.local" time="0.048">
  <properties/>
  <testcase name="get()" classname="memory.MemoryFinderTest" time="0.048"/>
  <system-out><![CDATA[]]></system-out>
  <system-err><![CDATA[]]></system-err>
</testsuite>
